<?xml version="1.0" encoding="UTF-8"?>
<!-- Generated by org.testng.reporters.JUnitReportReporter -->
<testsuite hostname="AOPT3010311311" name="com.payulatam.samples.bank.test.service.ClientDaoTest" tests="5" failures="0" timestamp="15 Jan 2014 16:30:45 GMT" time="0.016" errors="0">
  <testcase name="updateNotExistingClient" time="0.002" classname="com.payulatam.samples.bank.test.service.ClientDaoTest"/>
  <testcase name="searchByNotExistentId" time="0.001" classname="com.payulatam.samples.bank.test.service.ClientDaoTest"/>
  <testcase name="createValidClient" time="0.010" classname="com.payulatam.samples.bank.test.service.ClientDaoTest"/>
  <testcase name="searchById" time="0.002" classname="com.payulatam.samples.bank.test.service.ClientDaoTest"/>
  <testcase name="deleteNotExistingClient" time="0.001" classname="com.payulatam.samples.bank.test.service.ClientDaoTest"/>
</testsuite> <!-- com.payulatam.samples.bank.test.service.ClientDaoTest -->
