<?xml version="1.0" encoding="UTF-8"?>
<!-- Generated by org.testng.reporters.JUnitReportReporter -->
<testsuite hostname="AOPT3010311311" name="com.payulatam.samples.bank.test.service.integration.AccountServiceIntegrationTest" tests="12" failures="0" timestamp="23 Jan 2014 16:52:22 GMT" time="0.132" errors="0">
  <testcase name="deleteAccountDeletesItsTransactions" time="0.005" classname="com.payulatam.samples.bank.test.service.integration.AccountServiceIntegrationTest"/>
  <testcase name="deleteAccountDeletesAccountInGigaSpace" time="0.034" classname="com.payulatam.samples.bank.test.service.integration.AccountServiceIntegrationTest"/>
  <testcase name="searchAcountByNonExistentIdThrowsException" time="0.000" classname="com.payulatam.samples.bank.test.service.integration.AccountServiceIntegrationTest"/>
  <testcase name="searchAcountsByNonExistentClientIdThrowsException" time="0.000" classname="com.payulatam.samples.bank.test.service.integration.AccountServiceIntegrationTest"/>
  <testcase name="createAccountWithNonExistentClientThrowsException" time="0.000" classname="com.payulatam.samples.bank.test.service.integration.AccountServiceIntegrationTest"/>
  <testcase name="searchAcountsByClientIdReturnsRightAccounts" time="0.038" classname="com.payulatam.samples.bank.test.service.integration.AccountServiceIntegrationTest"/>
  <testcase name="createAccountCreatesAccountWithBalanceEqual0" time="0.002" classname="com.payulatam.samples.bank.test.service.integration.AccountServiceIntegrationTest"/>
  <testcase name="deleteAccountReturnsDeletedAccount" time="0.002" classname="com.payulatam.samples.bank.test.service.integration.AccountServiceIntegrationTest"/>
  <testcase name="createAccountCreatesAccountWithItsOwnerId" time="0.002" classname="com.payulatam.samples.bank.test.service.integration.AccountServiceIntegrationTest"/>
  <testcase name="deleteNonExistentAccountThrowsException" time="0.017" classname="com.payulatam.samples.bank.test.service.integration.AccountServiceIntegrationTest"/>
  <testcase name="searchAcountByIdReturnsRightAccount" time="0.002" classname="com.payulatam.samples.bank.test.service.integration.AccountServiceIntegrationTest"/>
  <testcase name="createAccountAssignsId" time="0.030" classname="com.payulatam.samples.bank.test.service.integration.AccountServiceIntegrationTest"/>
</testsuite> <!-- com.payulatam.samples.bank.test.service.integration.AccountServiceIntegrationTest -->
