<?xml version="1.0" encoding="UTF-8"?>
<!-- Generated by org.testng.reporters.JUnitReportReporter -->
<testsuite hostname="AOPT3010311311" name="com.payulatam.samples.bank.test.UtilsTest" tests="6" failures="0" timestamp="15 Jan 2014 13:43:37 GMT" time="0.008" errors="0">
  <testcase name="createValidateNameWithSpaces" time="0.000" classname="com.payulatam.samples.bank.test.UtilsTest"/>
  <testcase name="validateEmptyPhoneNumber" time="0.001" classname="com.payulatam.samples.bank.test.UtilsTest"/>
  <testcase name="validateInvalidPhoneNumber" time="0.001" classname="com.payulatam.samples.bank.test.UtilsTest"/>
  <testcase name="createValidateNameWithOutSpaces" time="0.000" classname="com.payulatam.samples.bank.test.UtilsTest"/>
  <testcase name="createValidateEmptyName" time="0.005" classname="com.payulatam.samples.bank.test.UtilsTest"/>
  <testcase name="validatePhoneNumberWithSpaces" time="0.001" classname="com.payulatam.samples.bank.test.UtilsTest"/>
</testsuite> <!-- com.payulatam.samples.bank.test.UtilsTest -->
