<?xml version="1.0" encoding="UTF-8"?>
<!-- Generated by org.testng.reporters.JUnitReportReporter -->
<testsuite hostname="AOPT3010311311" name="com.payulatam.samples.bank.test.service.AccountDaoTest" tests="8" failures="0" timestamp="15 Jan 2014 23:07:17 GMT" time="0.019" errors="0">
  <testcase name="deleteValidAccount" time="0.000" classname="com.payulatam.samples.bank.test.service.AccountDaoTest"/>
  <testcase name="searchAcountsByNonExistentClientId" time="0.001" classname="com.payulatam.samples.bank.test.service.AccountDaoTest"/>
  <testcase name="deleteAccountInvalidId" time="0.002" classname="com.payulatam.samples.bank.test.service.AccountDaoTest"/>
  <testcase name="searchAcountById" time="0.001" classname="com.payulatam.samples.bank.test.service.AccountDaoTest"/>
  <testcase name="searchAcountsByClientId" time="0.003" classname="com.payulatam.samples.bank.test.service.AccountDaoTest"/>
  <testcase name="createValidAccount" time="0.003" classname="com.payulatam.samples.bank.test.service.AccountDaoTest"/>
  <testcase name="createAccountInvalidClientId" time="0.008" classname="com.payulatam.samples.bank.test.service.AccountDaoTest"/>
  <testcase name="searchAcountByNonExistentId" time="0.001" classname="com.payulatam.samples.bank.test.service.AccountDaoTest"/>
</testsuite> <!-- com.payulatam.samples.bank.test.service.AccountDaoTest -->
