<?xml version="1.0" encoding="UTF-8"?>
<!-- Generated by org.testng.reporters.JUnitReportReporter -->
<testsuite hostname="AOPT3010311311" name="com.payulatam.samples.bank.test.service.ClientServiceTest" tests="5" failures="0" timestamp="22 Jan 2014 22:20:03 GMT" time="0.005" errors="0">
  <testcase name="deleteNonExistentClient" time="0.001" classname="com.payulatam.samples.bank.test.service.ClientServiceTest"/>
  <testcase name="updateNonExistingClient" time="0.000" classname="com.payulatam.samples.bank.test.service.ClientServiceTest"/>
  <testcase name="createValidClient" time="0.002" classname="com.payulatam.samples.bank.test.service.ClientServiceTest"/>
  <testcase name="searchByNonExistentId" time="0.001" classname="com.payulatam.samples.bank.test.service.ClientServiceTest"/>
  <testcase name="searchById" time="0.001" classname="com.payulatam.samples.bank.test.service.ClientServiceTest"/>
</testsuite> <!-- com.payulatam.samples.bank.test.service.ClientServiceTest -->
