<?xml version="1.0" encoding="UTF-8"?>
<!-- Generated by org.testng.reporters.JUnitReportReporter -->
<testsuite hostname="AOPT3010311311" name="com.payulatam.samples.bank.test.ClientDaoTest" tests="6" failures="0" timestamp="15 Jan 2014 14:08:34 GMT" time="0.068" errors="0">
  <testcase name="createValidatePhoneNumberWithSpaces" time="0.000" classname="com.payulatam.samples.bank.test.ClientDaoTest"/>
  <testcase name="createValidateInvalidPhoneNumber" time="0.001" classname="com.payulatam.samples.bank.test.ClientDaoTest"/>
  <testcase name="createValidateEmptyPhoneNumber" time="0.001" classname="com.payulatam.samples.bank.test.ClientDaoTest"/>
  <testcase name="createValidateNameWithSpaces" time="0.000" classname="com.payulatam.samples.bank.test.ClientDaoTest"/>
  <testcase name="createValidateNameWithOutSpaces" time="0.058" classname="com.payulatam.samples.bank.test.ClientDaoTest"/>
  <testcase name="createValidateEmptyName" time="0.008" classname="com.payulatam.samples.bank.test.ClientDaoTest"/>
</testsuite> <!-- com.payulatam.samples.bank.test.ClientDaoTest -->
