<?xml version="1.0" encoding="UTF-8"?>
<!-- Generated by org.testng.reporters.JUnitReportReporter -->
<testsuite hostname="AOPT3010311311" name="com.payulatam.samples.bank.test.service.ClientDaoTest" tests="5" failures="0" timestamp="22 Jan 2014 14:23:06 GMT" time="0.003" errors="0">
  <testcase name="createValidClient" time="0.001" classname="com.payulatam.samples.bank.test.service.ClientDaoTest"/>
  <testcase name="updateNonExistingClient" time="0.001" classname="com.payulatam.samples.bank.test.service.ClientDaoTest"/>
  <testcase name="searchById" time="0.000" classname="com.payulatam.samples.bank.test.service.ClientDaoTest"/>
  <testcase name="deleteNonExistentClient" time="0.001" classname="com.payulatam.samples.bank.test.service.ClientDaoTest"/>
  <testcase name="searchByNonExistentId" time="0.000" classname="com.payulatam.samples.bank.test.service.ClientDaoTest"/>
</testsuite> <!-- com.payulatam.samples.bank.test.service.ClientDaoTest -->
