<?xml version="1.0" encoding="UTF-8"?>
<!-- Generated by org.testng.reporters.JUnitReportReporter -->
<testsuite hostname="AOPT3010311311" name="com.payulatam.samples.bank.test.service.AccountServiceTest" tests="8" failures="0" timestamp="23 Jan 2014 16:52:22 GMT" time="0.020" errors="0">
  <testcase name="deleteValidAccount" time="0.001" classname="com.payulatam.samples.bank.test.service.AccountServiceTest"/>
  <testcase name="deleteAccountInvalidId" time="0.001" classname="com.payulatam.samples.bank.test.service.AccountServiceTest"/>
  <testcase name="searchAcountByNonExistentId" time="0.002" classname="com.payulatam.samples.bank.test.service.AccountServiceTest"/>
  <testcase name="createAccountInvalidClientId" time="0.009" classname="com.payulatam.samples.bank.test.service.AccountServiceTest"/>
  <testcase name="searchAcountsByClientId" time="0.003" classname="com.payulatam.samples.bank.test.service.AccountServiceTest"/>
  <testcase name="createValidAccount" time="0.003" classname="com.payulatam.samples.bank.test.service.AccountServiceTest"/>
  <testcase name="searchAcountsByNonExistentClientId" time="0.000" classname="com.payulatam.samples.bank.test.service.AccountServiceTest"/>
  <testcase name="searchAcountById" time="0.001" classname="com.payulatam.samples.bank.test.service.AccountServiceTest"/>
</testsuite> <!-- com.payulatam.samples.bank.test.service.AccountServiceTest -->
