<?xml version="1.0" encoding="UTF-8"?>
<!-- Generated by org.testng.reporters.JUnitReportReporter -->
<testsuite hostname="AOPT3010311311" name="com.payulatam.samples.bank.test.service.UtilsTest" tests="6" failures="0" timestamp="16 Jan 2014 19:07:42 GMT" time="0.002" errors="0">
  <testcase name="validateInvalidPhoneNumber" time="0.001" classname="com.payulatam.samples.bank.test.service.UtilsTest"/>
  <testcase name="validatePhoneNumberWithSpaces" time="0.000" classname="com.payulatam.samples.bank.test.service.UtilsTest"/>
  <testcase name="createValidateNameWithOutSpaces" time="0.000" classname="com.payulatam.samples.bank.test.service.UtilsTest"/>
  <testcase name="validateEmptyPhoneNumber" time="0.001" classname="com.payulatam.samples.bank.test.service.UtilsTest"/>
  <testcase name="createValidateNameWithSpaces" time="0.000" classname="com.payulatam.samples.bank.test.service.UtilsTest"/>
  <testcase name="createValidateEmptyName" time="0.000" classname="com.payulatam.samples.bank.test.service.UtilsTest"/>
</testsuite> <!-- com.payulatam.samples.bank.test.service.UtilsTest -->
